<!DOCTYPE html PUBLIC "-//W3C//DTD XHTML 1.1//EN" "http://www.w3.org/TR/xhtml11/DTD/xhtml11.dtd">
<html xmlns="http://www.w3.org/1999/xhtml"><head><title>TestNG Report</title><style type="text/css">table {margin-bottom:10px;border-collapse:collapse;empty-cells:show}th,td {border:1px solid #009;padding:.25em .5em}th {vertical-align:bottom}td {vertical-align:top}table a {font-weight:bold}.stripe td {background-color: #E6EBF9}.num {text-align:right}.passedodd td {background-color: #3F3}.passedeven td {background-color: #0A0}.skippedodd td {background-color: #DDD}.skippedeven td {background-color: #CCC}.failedodd td,.attn {background-color: #F33}.failedeven td,.stripe .attn {background-color: #D00}.stacktrace {white-space:pre;font-family:monospace}.totop {font-size:85%;text-align:center;border-bottom:2px solid #000}</style></head><body><table><tr><th>Test</th><th># Passed</th><th># Skipped</th><th># Failed</th><th>Time (ms)</th><th>Included Groups</th><th>Excluded Groups</th></tr><tr><th colspan="7">Default suite</th></tr><tr><td><a href="#t0">Default test</a></td><td class="num">21</td><td class="num">0</td><td class="num attn">2</td><td class="num">220,755</td><td></td><td></td></tr></table><table><thead><tr><th>Class</th><th>Method</th><th>Start</th><th>Time (ms)</th></tr></thead><tbody><tr><th colspan="4">Default suite</th></tr></tbody><tbody id="t0"><tr><th colspan="4">Default test &#8212; failed</th></tr><tr class="failedeven"><td rowspan="1">Store.EditingAndViewingCart</td><td><a href="#m0">DeleteProductStep2</a></td><td rowspan="1">1640358957614</td><td rowspan="1">7783</td></tr><tr class="failedodd"><td rowspan="1">Store.portionOfSanity</td><td><a href="#m1">PaymentStep2</a></td><td rowspan="1">1640359014564</td><td rowspan="1">2732</td></tr><tr><th colspan="4">Default test &#8212; passed</th></tr><tr class="passedeven"><td rowspan="6">Store.EditingAndViewingCart</td><td><a href="#m2">AddToCartStep1</a></td><td rowspan="1">1640358921925</td><td rowspan="1">9203</td></tr><tr class="passedeven"><td><a href="#m3">AddToCartStep2</a></td><td rowspan="1">1640358934967</td><td rowspan="1">5609</td></tr><tr class="passedeven"><td><a href="#m4">DeleteProductStep1</a></td><td rowspan="1">1640358943736</td><td rowspan="1">9628</td></tr><tr class="passedeven"><td><a href="#m5">ViewShoppingCartStep1</a></td><td rowspan="1">1640358969011</td><td rowspan="1">5780</td></tr><tr class="passedeven"><td><a href="#m6">ViewShoppingCartStep2</a></td><td rowspan="1">1640358978541</td><td rowspan="1">9260</td></tr><tr class="passedeven"><td><a href="#m7">ViewShoppingCartStep3</a></td><td rowspan="1">1640358992269</td><td rowspan="1">4145</td></tr><tr class="passedodd"><td rowspan="9">Store.General</td><td><a href="#m8">ContactDevelopersStep1</a></td><td rowspan="1">1640358847441</td><td rowspan="1">5026</td></tr><tr class="passedodd"><td><a href="#m9">ContactDevelopersStep2</a></td><td rowspan="1">1640358855307</td><td rowspan="1">5378</td></tr><tr class="passedodd"><td><a href="#m10">ContactDevelopersStep3</a></td><td rowspan="1">1640358864769</td><td rowspan="1">5683</td></tr><tr class="passedodd"><td><a href="#m11">ProductDescriptionStep1</a></td><td rowspan="1">1640358874274</td><td rowspan="1">6823</td></tr><tr class="passedodd"><td><a href="#m12">ProductDescriptionStep2</a></td><td rowspan="1">1640358885451</td><td rowspan="1">3747</td></tr><tr class="passedodd"><td><a href="#m13">SignUpStep1</a></td><td rowspan="1">1640358892085</td><td rowspan="1">3978</td></tr><tr class="passedodd"><td><a href="#m14">SignUpStep2</a></td><td rowspan="1">1640358899062</td><td rowspan="1">5429</td></tr><tr class="passedodd"><td><a href="#m15">tableOfProductStep1</a></td><td rowspan="1">1640358907517</td><td rowspan="1">4780</td></tr><tr class="passedodd"><td><a href="#m16">tableOfProductStep2</a></td><td rowspan="1">1640358916065</td><td rowspan="1">2749</td></tr><tr class="passedeven"><td rowspan="6">Store.portionOfSanity</td><td><a href="#m17">PaymentStep1</a></td><td rowspan="1">1640358999091</td><td rowspan="1">10721</td></tr><tr class="passedeven"><td><a href="#m18">PaymentStep3</a></td><td rowspan="1">1640359019758</td><td rowspan="1">10707</td></tr><tr class="passedeven"><td><a href="#m19">logOutStep1</a></td><td rowspan="1">1640359035073</td><td rowspan="1">6489</td></tr><tr class="passedeven"><td><a href="#m20">loginStep1</a></td><td rowspan="1">1640359045755</td><td rowspan="1">3565</td></tr><tr class="passedeven"><td><a href="#m21">loginStep2</a></td><td rowspan="1">1640359053344</td><td rowspan="1">3940</td></tr><tr class="passedeven"><td><a href="#m22">loginStep3</a></td><td rowspan="1">1640359059965</td><td rowspan="1">3892</td></tr></tbody></table><h2>Default test</h2><h3 id="m0">Store.EditingAndViewingCart#DeleteProductStep2</h3><table class="result"><tr><th>Exception</th></tr><tr><td><div class="stacktrace">org.openqa.selenium.NoSuchElementException: no such element: Unable to locate element: {&quot;method&quot;:&quot;link text&quot;,&quot;selector&quot;:&quot;Delete&quot;}
  (Session info: chrome=96.0.4664.110)
For documentation on this error, please visit: https://www.seleniumhq.org/exceptions/no_such_element.html
Build info: version: &apos;3.141.59&apos;, revision: &apos;e82be7d358&apos;, time: &apos;2018-11-14T08:17:03&apos;
System info: host: &apos;h-MacBook-sl-Opal-2.local&apos;, ip: &apos;fe80:0:0:0:1cea:732:ec04:2aa6%en0&apos;, os.name: &apos;Mac OS X&apos;, os.arch: &apos;x86_64&apos;, os.version: &apos;10.16&apos;, java.version: &apos;1.8.0_231&apos;
Driver info: org.openqa.selenium.chrome.ChromeDriver
Capabilities {acceptInsecureCerts: false, browserName: chrome, browserVersion: 96.0.4664.110, chrome: {chromedriverVersion: 96.0.4664.45 (76e4c1bb2ab46..., userDataDir: /var/folders/5r/8_k_n2694r7...}, goog:chromeOptions: {debuggerAddress: localhost:53057}, javascriptEnabled: true, networkConnectionEnabled: false, pageLoadStrategy: normal, platform: MAC, platformName: MAC, proxy: Proxy(), setWindowRect: true, strictFileInteractability: false, timeouts: {implicit: 0, pageLoad: 300000, script: 30000}, unhandledPromptBehavior: dismiss and notify, webauthn:extension:credBlob: true, webauthn:extension:largeBlob: true, webauthn:virtualAuthenticators: true}
Session ID: 40ade40f4778a3bf7f9cb29fed0c5e7d
*** Element info: {Using=link text, value=Delete}
	at sun.reflect.NativeConstructorAccessorImpl.newInstance0(Native Method)
	at sun.reflect.NativeConstructorAccessorImpl.newInstance(NativeConstructorAccessorImpl.java:62)
	at sun.reflect.DelegatingConstructorAccessorImpl.newInstance(DelegatingConstructorAccessorImpl.java:45)
	at java.lang.reflect.Constructor.newInstance(Constructor.java:423)
	at org.openqa.selenium.remote.http.W3CHttpResponseCodec.createException(W3CHttpResponseCodec.java:187)
	at org.openqa.selenium.remote.http.W3CHttpResponseCodec.decode(W3CHttpResponseCodec.java:122)
	at org.openqa.selenium.remote.http.W3CHttpResponseCodec.decode(W3CHttpResponseCodec.java:49)
	at org.openqa.selenium.remote.HttpCommandExecutor.execute(HttpCommandExecutor.java:158)
	at org.openqa.selenium.remote.service.DriverCommandExecutor.execute(DriverCommandExecutor.java:83)
	at org.openqa.selenium.remote.RemoteWebDriver.execute(RemoteWebDriver.java:552)
	at org.openqa.selenium.remote.RemoteWebDriver.findElement(RemoteWebDriver.java:323)
	at org.openqa.selenium.remote.RemoteWebDriver.findElementByLinkText(RemoteWebDriver.java:380)
	at org.openqa.selenium.By$ByLinkText.findElement(By.java:220)
	at org.openqa.selenium.remote.RemoteWebDriver.findElement(RemoteWebDriver.java:315)
	at Store.EditingAndViewingCart.DeleteProductStep2(EditingAndViewingCart.java:197)
	at sun.reflect.NativeMethodAccessorImpl.invoke0(Native Method)
	at sun.reflect.NativeMethodAccessorImpl.invoke(NativeMethodAccessorImpl.java:62)
	at sun.reflect.DelegatingMethodAccessorImpl.invoke(DelegatingMethodAccessorImpl.java:43)
	at java.lang.reflect.Method.invoke(Method.java:498)
	at org.testng.internal.MethodInvocationHelper.invokeMethod(MethodInvocationHelper.java:104)
	at org.testng.internal.Invoker.invokeMethod(Invoker.java:645)
	at org.testng.internal.Invoker.invokeTestMethod(Invoker.java:851)
	at org.testng.internal.Invoker.invokeTestMethods(Invoker.java:1177)
	at org.testng.internal.TestMethodWorker.invokeTestMethods(TestMethodWorker.java:129)
	at org.testng.internal.TestMethodWorker.run(TestMethodWorker.java:112)
	at org.testng.TestRunner.privateRun(TestRunner.java:756)
	at org.testng.TestRunner.run(TestRunner.java:610)
	at org.testng.SuiteRunner.runTest(SuiteRunner.java:387)
	at org.testng.SuiteRunner.runSequentially(SuiteRunner.java:382)
	at org.testng.SuiteRunner.privateRun(SuiteRunner.java:340)
	at org.testng.SuiteRunner.run(SuiteRunner.java:289)
	at org.testng.SuiteRunnerWorker.runSuite(SuiteRunnerWorker.java:52)
	at org.testng.SuiteRunnerWorker.run(SuiteRunnerWorker.java:86)
	at org.testng.TestNG.runSuitesSequentially(TestNG.java:1293)
	at org.testng.TestNG.runSuitesLocally(TestNG.java:1218)
	at org.testng.TestNG.runSuites(TestNG.java:1133)
	at org.testng.TestNG.run(TestNG.java:1104)
	at org.testng.remote.AbstractRemoteTestNG.run(AbstractRemoteTestNG.java:115)
	at org.testng.remote.RemoteTestNG.initAndRun(RemoteTestNG.java:251)
	at org.testng.remote.RemoteTestNG.main(RemoteTestNG.java:77)
</div></td></tr></table><p class="totop"><a href="#summary">back to summary</a></p><h3 id="m1">Store.portionOfSanity#PaymentStep2</h3><table class="result"><tr><th>Exception</th></tr><tr><td><div class="stacktrace">org.openqa.selenium.NoSuchElementException: no such element: Unable to locate element: {&quot;method&quot;:&quot;link text&quot;,&quot;selector&quot;:&quot;Nokia lumia 1520&quot;}
  (Session info: chrome=96.0.4664.110)
For documentation on this error, please visit: https://www.seleniumhq.org/exceptions/no_such_element.html
Build info: version: &apos;3.141.59&apos;, revision: &apos;e82be7d358&apos;, time: &apos;2018-11-14T08:17:03&apos;
System info: host: &apos;h-MacBook-sl-Opal-2.local&apos;, ip: &apos;fe80:0:0:0:1cea:732:ec04:2aa6%en0&apos;, os.name: &apos;Mac OS X&apos;, os.arch: &apos;x86_64&apos;, os.version: &apos;10.16&apos;, java.version: &apos;1.8.0_231&apos;
Driver info: org.openqa.selenium.chrome.ChromeDriver
Capabilities {acceptInsecureCerts: false, browserName: chrome, browserVersion: 96.0.4664.110, chrome: {chromedriverVersion: 96.0.4664.45 (76e4c1bb2ab46..., userDataDir: /var/folders/5r/8_k_n2694r7...}, goog:chromeOptions: {debuggerAddress: localhost:53179}, javascriptEnabled: true, networkConnectionEnabled: false, pageLoadStrategy: normal, platform: MAC, platformName: MAC, proxy: Proxy(), setWindowRect: true, strictFileInteractability: false, timeouts: {implicit: 0, pageLoad: 300000, script: 30000}, unhandledPromptBehavior: dismiss and notify, webauthn:extension:credBlob: true, webauthn:extension:largeBlob: true, webauthn:virtualAuthenticators: true}
Session ID: 80bd1bc23c6eba77516cf7331df6a3ff
*** Element info: {Using=link text, value=Nokia lumia 1520}
	at sun.reflect.NativeConstructorAccessorImpl.newInstance0(Native Method)
	at sun.reflect.NativeConstructorAccessorImpl.newInstance(NativeConstructorAccessorImpl.java:62)
	at sun.reflect.DelegatingConstructorAccessorImpl.newInstance(DelegatingConstructorAccessorImpl.java:45)
	at java.lang.reflect.Constructor.newInstance(Constructor.java:423)
	at org.openqa.selenium.remote.http.W3CHttpResponseCodec.createException(W3CHttpResponseCodec.java:187)
	at org.openqa.selenium.remote.http.W3CHttpResponseCodec.decode(W3CHttpResponseCodec.java:122)
	at org.openqa.selenium.remote.http.W3CHttpResponseCodec.decode(W3CHttpResponseCodec.java:49)
	at org.openqa.selenium.remote.HttpCommandExecutor.execute(HttpCommandExecutor.java:158)
	at org.openqa.selenium.remote.service.DriverCommandExecutor.execute(DriverCommandExecutor.java:83)
	at org.openqa.selenium.remote.RemoteWebDriver.execute(RemoteWebDriver.java:552)
	at org.openqa.selenium.remote.RemoteWebDriver.findElement(RemoteWebDriver.java:323)
	at org.openqa.selenium.remote.RemoteWebDriver.findElementByLinkText(RemoteWebDriver.java:380)
	at org.openqa.selenium.By$ByLinkText.findElement(By.java:220)
	at org.openqa.selenium.remote.RemoteWebDriver.findElement(RemoteWebDriver.java:315)
	at Store.portionOfSanity.PaymentStep2(portionOfSanity.java:238)
	at sun.reflect.NativeMethodAccessorImpl.invoke0(Native Method)
	at sun.reflect.NativeMethodAccessorImpl.invoke(NativeMethodAccessorImpl.java:62)
	at sun.reflect.DelegatingMethodAccessorImpl.invoke(DelegatingMethodAccessorImpl.java:43)
	at java.lang.reflect.Method.invoke(Method.java:498)
	at org.testng.internal.MethodInvocationHelper.invokeMethod(MethodInvocationHelper.java:104)
	at org.testng.internal.Invoker.invokeMethod(Invoker.java:645)
	at org.testng.internal.Invoker.invokeTestMethod(Invoker.java:851)
	at org.testng.internal.Invoker.invokeTestMethods(Invoker.java:1177)
	at org.testng.internal.TestMethodWorker.invokeTestMethods(TestMethodWorker.java:129)
	at org.testng.internal.TestMethodWorker.run(TestMethodWorker.java:112)
	at org.testng.TestRunner.privateRun(TestRunner.java:756)
	at org.testng.TestRunner.run(TestRunner.java:610)
	at org.testng.SuiteRunner.runTest(SuiteRunner.java:387)
	at org.testng.SuiteRunner.runSequentially(SuiteRunner.java:382)
	at org.testng.SuiteRunner.privateRun(SuiteRunner.java:340)
	at org.testng.SuiteRunner.run(SuiteRunner.java:289)
	at org.testng.SuiteRunnerWorker.runSuite(SuiteRunnerWorker.java:52)
	at org.testng.SuiteRunnerWorker.run(SuiteRunnerWorker.java:86)
	at org.testng.TestNG.runSuitesSequentially(TestNG.java:1293)
	at org.testng.TestNG.runSuitesLocally(TestNG.java:1218)
	at org.testng.TestNG.runSuites(TestNG.java:1133)
	at org.testng.TestNG.run(TestNG.java:1104)
	at org.testng.remote.AbstractRemoteTestNG.run(AbstractRemoteTestNG.java:115)
	at org.testng.remote.RemoteTestNG.initAndRun(RemoteTestNG.java:251)
	at org.testng.remote.RemoteTestNG.main(RemoteTestNG.java:77)
</div></td></tr></table><p class="totop"><a href="#summary">back to summary</a></p><h3 id="m2">Store.EditingAndViewingCart#AddToCartStep1</h3><table class="result"></table><p class="totop"><a href="#summary">back to summary</a></p><h3 id="m3">Store.EditingAndViewingCart#AddToCartStep2</h3><table class="result"></table><p class="totop"><a href="#summary">back to summary</a></p><h3 id="m4">Store.EditingAndViewingCart#DeleteProductStep1</h3><table class="result"></table><p class="totop"><a href="#summary">back to summary</a></p><h3 id="m5">Store.EditingAndViewingCart#ViewShoppingCartStep1</h3><table class="result"></table><p class="totop"><a href="#summary">back to summary</a></p><h3 id="m6">Store.EditingAndViewingCart#ViewShoppingCartStep2</h3><table class="result"></table><p class="totop"><a href="#summary">back to summary</a></p><h3 id="m7">Store.EditingAndViewingCart#ViewShoppingCartStep3</h3><table class="result"></table><p class="totop"><a href="#summary">back to summary</a></p><h3 id="m8">Store.General#ContactDevelopersStep1</h3><table class="result"></table><p class="totop"><a href="#summary">back to summary</a></p><h3 id="m9">Store.General#ContactDevelopersStep2</h3><table class="result"></table><p class="totop"><a href="#summary">back to summary</a></p><h3 id="m10">Store.General#ContactDevelopersStep3</h3><table class="result"></table><p class="totop"><a href="#summary">back to summary</a></p><h3 id="m11">Store.General#ProductDescriptionStep1</h3><table class="result"></table><p class="totop"><a href="#summary">back to summary</a></p><h3 id="m12">Store.General#ProductDescriptionStep2</h3><table class="result"></table><p class="totop"><a href="#summary">back to summary</a></p><h3 id="m13">Store.General#SignUpStep1</h3><table class="result"></table><p class="totop"><a href="#summary">back to summary</a></p><h3 id="m14">Store.General#SignUpStep2</h3><table class="result"></table><p class="totop"><a href="#summary">back to summary</a></p><h3 id="m15">Store.General#tableOfProductStep1</h3><table class="result"></table><p class="totop"><a href="#summary">back to summary</a></p><h3 id="m16">Store.General#tableOfProductStep2</h3><table class="result"></table><p class="totop"><a href="#summary">back to summary</a></p><h3 id="m17">Store.portionOfSanity#PaymentStep1</h3><table class="result"></table><p class="totop"><a href="#summary">back to summary</a></p><h3 id="m18">Store.portionOfSanity#PaymentStep3</h3><table class="result"></table><p class="totop"><a href="#summary">back to summary</a></p><h3 id="m19">Store.portionOfSanity#logOutStep1</h3><table class="result"></table><p class="totop"><a href="#summary">back to summary</a></p><h3 id="m20">Store.portionOfSanity#loginStep1</h3><table class="result"></table><p class="totop"><a href="#summary">back to summary</a></p><h3 id="m21">Store.portionOfSanity#loginStep2</h3><table class="result"></table><p class="totop"><a href="#summary">back to summary</a></p><h3 id="m22">Store.portionOfSanity#loginStep3</h3><table class="result"></table><p class="totop"><a href="#summary">back to summary</a></p></body></html>