<?xml version="1.0" encoding="UTF-8"?>
<testng-results skipped="0" failed="2" ignored="0" total="23" passed="21">
  <reporter-output>
  </reporter-output>
  <suite name="Default suite" duration-ms="220755" started-at="2021-12-24T15:14:03Z" finished-at="2021-12-24T15:17:44Z">
    <groups>
    </groups>
    <test name="Default test" duration-ms="220755" started-at="2021-12-24T15:14:03Z" finished-at="2021-12-24T15:17:44Z">
      <class name="Store.General">
        <test-method status="PASS" signature="setUp()[pri:0, instance:Store.General@58cbafc2]" name="setUp" is-config="true" duration-ms="4084" started-at="2021-12-24T17:14:03Z" finished-at="2021-12-24T17:14:07Z">
          <reporter-output>
          </reporter-output>
        </test-method> <!-- setUp -->
        <test-method status="PASS" signature="ContactDevelopersStep1()[pri:0, instance:Store.General@58cbafc2]" name="ContactDevelopersStep1" duration-ms="5026" started-at="2021-12-24T17:14:07Z" finished-at="2021-12-24T17:14:12Z">
          <reporter-output>
          </reporter-output>
        </test-method> <!-- ContactDevelopersStep1 -->
        <test-method status="PASS" signature="tearDown()[pri:0, instance:Store.General@58cbafc2]" name="tearDown" is-config="true" duration-ms="241" started-at="2021-12-24T17:14:12Z" finished-at="2021-12-24T17:14:12Z">
          <reporter-output>
          </reporter-output>
        </test-method> <!-- tearDown -->
        <test-method status="PASS" signature="setUp()[pri:0, instance:Store.General@58cbafc2]" name="setUp" is-config="true" duration-ms="2590" started-at="2021-12-24T17:14:12Z" finished-at="2021-12-24T17:14:15Z">
          <reporter-output>
          </reporter-output>
        </test-method> <!-- setUp -->
        <test-method status="PASS" signature="ContactDevelopersStep2()[pri:0, instance:Store.General@58cbafc2]" name="ContactDevelopersStep2" duration-ms="5378" started-at="2021-12-24T17:14:15Z" finished-at="2021-12-24T17:14:20Z">
          <reporter-output>
          </reporter-output>
        </test-method> <!-- ContactDevelopersStep2 -->
        <test-method status="PASS" signature="tearDown()[pri:0, instance:Store.General@58cbafc2]" name="tearDown" is-config="true" duration-ms="265" started-at="2021-12-24T17:14:20Z" finished-at="2021-12-24T17:14:20Z">
          <reporter-output>
          </reporter-output>
        </test-method> <!-- tearDown -->
        <test-method status="PASS" signature="setUp()[pri:0, instance:Store.General@58cbafc2]" name="setUp" is-config="true" duration-ms="3812" started-at="2021-12-24T17:14:20Z" finished-at="2021-12-24T17:14:24Z">
          <reporter-output>
          </reporter-output>
        </test-method> <!-- setUp -->
        <test-method status="PASS" signature="ContactDevelopersStep3()[pri:0, instance:Store.General@58cbafc2]" name="ContactDevelopersStep3" duration-ms="5683" started-at="2021-12-24T17:14:24Z" finished-at="2021-12-24T17:14:30Z">
          <reporter-output>
          </reporter-output>
        </test-method> <!-- ContactDevelopersStep3 -->
        <test-method status="PASS" signature="tearDown()[pri:0, instance:Store.General@58cbafc2]" name="tearDown" is-config="true" duration-ms="232" started-at="2021-12-24T17:14:30Z" finished-at="2021-12-24T17:14:30Z">
          <reporter-output>
          </reporter-output>
        </test-method> <!-- tearDown -->
        <test-method status="PASS" signature="setUp()[pri:0, instance:Store.General@58cbafc2]" name="setUp" is-config="true" duration-ms="3586" started-at="2021-12-24T17:14:30Z" finished-at="2021-12-24T17:14:34Z">
          <reporter-output>
          </reporter-output>
        </test-method> <!-- setUp -->
        <test-method status="PASS" signature="ProductDescriptionStep1()[pri:0, instance:Store.General@58cbafc2]" name="ProductDescriptionStep1" duration-ms="6823" started-at="2021-12-24T17:14:34Z" finished-at="2021-12-24T17:14:41Z">
          <reporter-output>
          </reporter-output>
        </test-method> <!-- ProductDescriptionStep1 -->
        <test-method status="PASS" signature="tearDown()[pri:0, instance:Store.General@58cbafc2]" name="tearDown" is-config="true" duration-ms="231" started-at="2021-12-24T17:14:41Z" finished-at="2021-12-24T17:14:41Z">
          <reporter-output>
          </reporter-output>
        </test-method> <!-- tearDown -->
        <test-method status="PASS" signature="setUp()[pri:0, instance:Store.General@58cbafc2]" name="setUp" is-config="true" duration-ms="4120" started-at="2021-12-24T17:14:41Z" finished-at="2021-12-24T17:14:45Z">
          <reporter-output>
          </reporter-output>
        </test-method> <!-- setUp -->
        <test-method status="PASS" signature="ProductDescriptionStep2()[pri:0, instance:Store.General@58cbafc2]" name="ProductDescriptionStep2" duration-ms="3747" started-at="2021-12-24T17:14:45Z" finished-at="2021-12-24T17:14:49Z">
          <reporter-output>
          </reporter-output>
        </test-method> <!-- ProductDescriptionStep2 -->
        <test-method status="PASS" signature="tearDown()[pri:0, instance:Store.General@58cbafc2]" name="tearDown" is-config="true" duration-ms="207" started-at="2021-12-24T17:14:49Z" finished-at="2021-12-24T17:14:49Z">
          <reporter-output>
          </reporter-output>
        </test-method> <!-- tearDown -->
        <test-method status="PASS" signature="setUp()[pri:0, instance:Store.General@58cbafc2]" name="setUp" is-config="true" duration-ms="2679" started-at="2021-12-24T17:14:49Z" finished-at="2021-12-24T17:14:52Z">
          <reporter-output>
          </reporter-output>
        </test-method> <!-- setUp -->
        <test-method status="PASS" signature="SignUpStep1()[pri:0, instance:Store.General@58cbafc2]" name="SignUpStep1" duration-ms="3978" started-at="2021-12-24T17:14:52Z" finished-at="2021-12-24T17:14:56Z">
          <reporter-output>
          </reporter-output>
        </test-method> <!-- SignUpStep1 -->
        <test-method status="PASS" signature="tearDown()[pri:0, instance:Store.General@58cbafc2]" name="tearDown" is-config="true" duration-ms="305" started-at="2021-12-24T17:14:56Z" finished-at="2021-12-24T17:14:56Z">
          <reporter-output>
          </reporter-output>
        </test-method> <!-- tearDown -->
        <test-method status="PASS" signature="setUp()[pri:0, instance:Store.General@58cbafc2]" name="setUp" is-config="true" duration-ms="2692" started-at="2021-12-24T17:14:56Z" finished-at="2021-12-24T17:14:59Z">
          <reporter-output>
          </reporter-output>
        </test-method> <!-- setUp -->
        <test-method status="PASS" signature="SignUpStep2()[pri:0, instance:Store.General@58cbafc2]" name="SignUpStep2" duration-ms="5429" started-at="2021-12-24T17:14:59Z" finished-at="2021-12-24T17:15:04Z">
          <reporter-output>
          </reporter-output>
        </test-method> <!-- SignUpStep2 -->
        <test-method status="PASS" signature="tearDown()[pri:0, instance:Store.General@58cbafc2]" name="tearDown" is-config="true" duration-ms="191" started-at="2021-12-24T17:15:04Z" finished-at="2021-12-24T17:15:04Z">
          <reporter-output>
          </reporter-output>
        </test-method> <!-- tearDown -->
        <test-method status="PASS" signature="setUp()[pri:0, instance:Store.General@58cbafc2]" name="setUp" is-config="true" duration-ms="2832" started-at="2021-12-24T17:15:04Z" finished-at="2021-12-24T17:15:07Z">
          <reporter-output>
          </reporter-output>
        </test-method> <!-- setUp -->
        <test-method status="PASS" signature="tableOfProductStep1()[pri:0, instance:Store.General@58cbafc2]" name="tableOfProductStep1" duration-ms="4780" started-at="2021-12-24T17:15:07Z" finished-at="2021-12-24T17:15:12Z">
          <reporter-output>
          </reporter-output>
        </test-method> <!-- tableOfProductStep1 -->
        <test-method status="PASS" signature="tearDown()[pri:0, instance:Store.General@58cbafc2]" name="tearDown" is-config="true" duration-ms="268" started-at="2021-12-24T17:15:12Z" finished-at="2021-12-24T17:15:12Z">
          <reporter-output>
          </reporter-output>
        </test-method> <!-- tearDown -->
        <test-method status="PASS" signature="setUp()[pri:0, instance:Store.General@58cbafc2]" name="setUp" is-config="true" duration-ms="3497" started-at="2021-12-24T17:15:12Z" finished-at="2021-12-24T17:15:16Z">
          <reporter-output>
          </reporter-output>
        </test-method> <!-- setUp -->
        <test-method status="PASS" signature="tableOfProductStep2()[pri:0, instance:Store.General@58cbafc2]" name="tableOfProductStep2" duration-ms="2749" started-at="2021-12-24T17:15:16Z" finished-at="2021-12-24T17:15:18Z">
          <reporter-output>
          </reporter-output>
        </test-method> <!-- tableOfProductStep2 -->
        <test-method status="PASS" signature="tearDown()[pri:0, instance:Store.General@58cbafc2]" name="tearDown" is-config="true" duration-ms="194" started-at="2021-12-24T17:15:18Z" finished-at="2021-12-24T17:15:19Z">
          <reporter-output>
          </reporter-output>
        </test-method> <!-- tearDown -->
      </class> <!-- Store.General -->
      <class name="Store.EditingAndViewingCart">
        <test-method status="PASS" signature="setUp()[pri:0, instance:Store.EditingAndViewingCart@2034b64c]" name="setUp" is-config="true" duration-ms="2911" started-at="2021-12-24T17:15:19Z" finished-at="2021-12-24T17:15:21Z">
          <reporter-output>
          </reporter-output>
        </test-method> <!-- setUp -->
        <test-method status="PASS" signature="AddToCartStep1()[pri:0, instance:Store.EditingAndViewingCart@2034b64c]" name="AddToCartStep1" duration-ms="9203" started-at="2021-12-24T17:15:21Z" finished-at="2021-12-24T17:15:31Z">
          <reporter-output>
          </reporter-output>
        </test-method> <!-- AddToCartStep1 -->
        <test-method status="PASS" signature="tearDown()[pri:0, instance:Store.EditingAndViewingCart@2034b64c]" name="tearDown" is-config="true" duration-ms="275" started-at="2021-12-24T17:15:31Z" finished-at="2021-12-24T17:15:31Z">
          <reporter-output>
          </reporter-output>
        </test-method> <!-- tearDown -->
        <test-method status="PASS" signature="setUp()[pri:0, instance:Store.EditingAndViewingCart@2034b64c]" name="setUp" is-config="true" duration-ms="3559" started-at="2021-12-24T17:15:31Z" finished-at="2021-12-24T17:15:34Z">
          <reporter-output>
          </reporter-output>
        </test-method> <!-- setUp -->
        <test-method status="PASS" signature="AddToCartStep2()[pri:0, instance:Store.EditingAndViewingCart@2034b64c]" name="AddToCartStep2" duration-ms="5609" started-at="2021-12-24T17:15:34Z" finished-at="2021-12-24T17:15:40Z">
          <reporter-output>
          </reporter-output>
        </test-method> <!-- AddToCartStep2 -->
        <test-method status="PASS" signature="tearDown()[pri:0, instance:Store.EditingAndViewingCart@2034b64c]" name="tearDown" is-config="true" duration-ms="181" started-at="2021-12-24T17:15:40Z" finished-at="2021-12-24T17:15:40Z">
          <reporter-output>
          </reporter-output>
        </test-method> <!-- tearDown -->
        <test-method status="PASS" signature="setUp()[pri:0, instance:Store.EditingAndViewingCart@2034b64c]" name="setUp" is-config="true" duration-ms="2976" started-at="2021-12-24T17:15:40Z" finished-at="2021-12-24T17:15:43Z">
          <reporter-output>
          </reporter-output>
        </test-method> <!-- setUp -->
        <test-method status="PASS" signature="DeleteProductStep1()[pri:0, instance:Store.EditingAndViewingCart@2034b64c]" name="DeleteProductStep1" duration-ms="9628" started-at="2021-12-24T17:15:43Z" finished-at="2021-12-24T17:15:53Z">
          <reporter-output>
          </reporter-output>
        </test-method> <!-- DeleteProductStep1 -->
        <test-method status="PASS" signature="tearDown()[pri:0, instance:Store.EditingAndViewingCart@2034b64c]" name="tearDown" is-config="true" duration-ms="191" started-at="2021-12-24T17:15:53Z" finished-at="2021-12-24T17:15:53Z">
          <reporter-output>
          </reporter-output>
        </test-method> <!-- tearDown -->
        <test-method status="PASS" signature="setUp()[pri:0, instance:Store.EditingAndViewingCart@2034b64c]" name="setUp" is-config="true" duration-ms="4055" started-at="2021-12-24T17:15:53Z" finished-at="2021-12-24T17:15:57Z">
          <reporter-output>
          </reporter-output>
        </test-method> <!-- setUp -->
        <test-method status="FAIL" signature="DeleteProductStep2()[pri:0, instance:Store.EditingAndViewingCart@2034b64c]" name="DeleteProductStep2" duration-ms="7783" started-at="2021-12-24T17:15:57Z" finished-at="2021-12-24T17:16:05Z">
          <exception class="org.openqa.selenium.NoSuchElementException">
            <message>
              <![CDATA[no such element: Unable to locate element: {"method":"link text","selector":"Delete"}
  (Session info: chrome=96.0.4664.110)
For documentation on this error, please visit: https://www.seleniumhq.org/exceptions/no_such_element.html
Build info: version: '3.141.59', revision: 'e82be7d358', time: '2018-11-14T08:17:03'
System info: host: 'h-MacBook-sl-Opal-2.local', ip: 'fe80:0:0:0:1cea:732:ec04:2aa6%en0', os.name: 'Mac OS X', os.arch: 'x86_64', os.version: '10.16', java.version: '1.8.0_231'
Driver info: org.openqa.selenium.chrome.ChromeDriver
Capabilities {acceptInsecureCerts: false, browserName: chrome, browserVersion: 96.0.4664.110, chrome: {chromedriverVersion: 96.0.4664.45 (76e4c1bb2ab46..., userDataDir: /var/folders/5r/8_k_n2694r7...}, goog:chromeOptions: {debuggerAddress: localhost:53057}, javascriptEnabled: true, networkConnectionEnabled: false, pageLoadStrategy: normal, platform: MAC, platformName: MAC, proxy: Proxy(), setWindowRect: true, strictFileInteractability: false, timeouts: {implicit: 0, pageLoad: 300000, script: 30000}, unhandledPromptBehavior: dismiss and notify, webauthn:extension:credBlob: true, webauthn:extension:largeBlob: true, webauthn:virtualAuthenticators: true}
Session ID: 40ade40f4778a3bf7f9cb29fed0c5e7d
*** Element info: {Using=link text, value=Delete}]]>
            </message>
            <full-stacktrace>
              <![CDATA[org.openqa.selenium.NoSuchElementException: no such element: Unable to locate element: {"method":"link text","selector":"Delete"}
  (Session info: chrome=96.0.4664.110)
For documentation on this error, please visit: https://www.seleniumhq.org/exceptions/no_such_element.html
Build info: version: '3.141.59', revision: 'e82be7d358', time: '2018-11-14T08:17:03'
System info: host: 'h-MacBook-sl-Opal-2.local', ip: 'fe80:0:0:0:1cea:732:ec04:2aa6%en0', os.name: 'Mac OS X', os.arch: 'x86_64', os.version: '10.16', java.version: '1.8.0_231'
Driver info: org.openqa.selenium.chrome.ChromeDriver
Capabilities {acceptInsecureCerts: false, browserName: chrome, browserVersion: 96.0.4664.110, chrome: {chromedriverVersion: 96.0.4664.45 (76e4c1bb2ab46..., userDataDir: /var/folders/5r/8_k_n2694r7...}, goog:chromeOptions: {debuggerAddress: localhost:53057}, javascriptEnabled: true, networkConnectionEnabled: false, pageLoadStrategy: normal, platform: MAC, platformName: MAC, proxy: Proxy(), setWindowRect: true, strictFileInteractability: false, timeouts: {implicit: 0, pageLoad: 300000, script: 30000}, unhandledPromptBehavior: dismiss and notify, webauthn:extension:credBlob: true, webauthn:extension:largeBlob: true, webauthn:virtualAuthenticators: true}
Session ID: 40ade40f4778a3bf7f9cb29fed0c5e7d
*** Element info: {Using=link text, value=Delete}
	at sun.reflect.NativeConstructorAccessorImpl.newInstance0(Native Method)
	at sun.reflect.NativeConstructorAccessorImpl.newInstance(NativeConstructorAccessorImpl.java:62)
	at sun.reflect.DelegatingConstructorAccessorImpl.newInstance(DelegatingConstructorAccessorImpl.java:45)
	at java.lang.reflect.Constructor.newInstance(Constructor.java:423)
	at org.openqa.selenium.remote.http.W3CHttpResponseCodec.createException(W3CHttpResponseCodec.java:187)
	at org.openqa.selenium.remote.http.W3CHttpResponseCodec.decode(W3CHttpResponseCodec.java:122)
	at org.openqa.selenium.remote.http.W3CHttpResponseCodec.decode(W3CHttpResponseCodec.java:49)
	at org.openqa.selenium.remote.HttpCommandExecutor.execute(HttpCommandExecutor.java:158)
	at org.openqa.selenium.remote.service.DriverCommandExecutor.execute(DriverCommandExecutor.java:83)
	at org.openqa.selenium.remote.RemoteWebDriver.execute(RemoteWebDriver.java:552)
	at org.openqa.selenium.remote.RemoteWebDriver.findElement(RemoteWebDriver.java:323)
	at org.openqa.selenium.remote.RemoteWebDriver.findElementByLinkText(RemoteWebDriver.java:380)
	at org.openqa.selenium.By$ByLinkText.findElement(By.java:220)
	at org.openqa.selenium.remote.RemoteWebDriver.findElement(RemoteWebDriver.java:315)
	at Store.EditingAndViewingCart.DeleteProductStep2(EditingAndViewingCart.java:197)
	at sun.reflect.NativeMethodAccessorImpl.invoke0(Native Method)
	at sun.reflect.NativeMethodAccessorImpl.invoke(NativeMethodAccessorImpl.java:62)
	at sun.reflect.DelegatingMethodAccessorImpl.invoke(DelegatingMethodAccessorImpl.java:43)
	at java.lang.reflect.Method.invoke(Method.java:498)
	at org.testng.internal.MethodInvocationHelper.invokeMethod(MethodInvocationHelper.java:104)
	at org.testng.internal.Invoker.invokeMethod(Invoker.java:645)
	at org.testng.internal.Invoker.invokeTestMethod(Invoker.java:851)
	at org.testng.internal.Invoker.invokeTestMethods(Invoker.java:1177)
	at org.testng.internal.TestMethodWorker.invokeTestMethods(TestMethodWorker.java:129)
	at org.testng.internal.TestMethodWorker.run(TestMethodWorker.java:112)
	at org.testng.TestRunner.privateRun(TestRunner.java:756)
	at org.testng.TestRunner.run(TestRunner.java:610)
	at org.testng.SuiteRunner.runTest(SuiteRunner.java:387)
	at org.testng.SuiteRunner.runSequentially(SuiteRunner.java:382)
	at org.testng.SuiteRunner.privateRun(SuiteRunner.java:340)
	at org.testng.SuiteRunner.run(SuiteRunner.java:289)
	at org.testng.SuiteRunnerWorker.runSuite(SuiteRunnerWorker.java:52)
	at org.testng.SuiteRunnerWorker.run(SuiteRunnerWorker.java:86)
	at org.testng.TestNG.runSuitesSequentially(TestNG.java:1293)
	at org.testng.TestNG.runSuitesLocally(TestNG.java:1218)
	at org.testng.TestNG.runSuites(TestNG.java:1133)
	at org.testng.TestNG.run(TestNG.java:1104)
	at org.testng.remote.AbstractRemoteTestNG.run(AbstractRemoteTestNG.java:115)
	at org.testng.remote.RemoteTestNG.initAndRun(RemoteTestNG.java:251)
	at org.testng.remote.RemoteTestNG.main(RemoteTestNG.java:77)
]]>
            </full-stacktrace>
          </exception> <!-- org.openqa.selenium.NoSuchElementException -->
          <reporter-output>
          </reporter-output>
        </test-method> <!-- DeleteProductStep2 -->
        <test-method status="PASS" signature="tearDown()[pri:0, instance:Store.EditingAndViewingCart@2034b64c]" name="tearDown" is-config="true" duration-ms="144" started-at="2021-12-24T17:16:05Z" finished-at="2021-12-24T17:16:05Z">
          <reporter-output>
          </reporter-output>
        </test-method> <!-- tearDown -->
        <test-method status="PASS" signature="setUp()[pri:0, instance:Store.EditingAndViewingCart@2034b64c]" name="setUp" is-config="true" duration-ms="3466" started-at="2021-12-24T17:16:05Z" finished-at="2021-12-24T17:16:09Z">
          <reporter-output>
          </reporter-output>
        </test-method> <!-- setUp -->
        <test-method status="PASS" signature="ViewShoppingCartStep1()[pri:0, instance:Store.EditingAndViewingCart@2034b64c]" name="ViewShoppingCartStep1" duration-ms="5780" started-at="2021-12-24T17:16:09Z" finished-at="2021-12-24T17:16:14Z">
          <reporter-output>
          </reporter-output>
        </test-method> <!-- ViewShoppingCartStep1 -->
        <test-method status="PASS" signature="tearDown()[pri:0, instance:Store.EditingAndViewingCart@2034b64c]" name="tearDown" is-config="true" duration-ms="222" started-at="2021-12-24T17:16:14Z" finished-at="2021-12-24T17:16:15Z">
          <reporter-output>
          </reporter-output>
        </test-method> <!-- tearDown -->
        <test-method status="PASS" signature="setUp()[pri:0, instance:Store.EditingAndViewingCart@2034b64c]" name="setUp" is-config="true" duration-ms="3527" started-at="2021-12-24T17:16:15Z" finished-at="2021-12-24T17:16:18Z">
          <reporter-output>
          </reporter-output>
        </test-method> <!-- setUp -->
        <test-method status="PASS" signature="ViewShoppingCartStep2()[pri:0, instance:Store.EditingAndViewingCart@2034b64c]" name="ViewShoppingCartStep2" duration-ms="9260" started-at="2021-12-24T17:16:18Z" finished-at="2021-12-24T17:16:27Z">
          <reporter-output>
          </reporter-output>
        </test-method> <!-- ViewShoppingCartStep2 -->
        <test-method status="PASS" signature="tearDown()[pri:0, instance:Store.EditingAndViewingCart@2034b64c]" name="tearDown" is-config="true" duration-ms="211" started-at="2021-12-24T17:16:27Z" finished-at="2021-12-24T17:16:28Z">
          <reporter-output>
          </reporter-output>
        </test-method> <!-- tearDown -->
        <test-method status="PASS" signature="setUp()[pri:0, instance:Store.EditingAndViewingCart@2034b64c]" name="setUp" is-config="true" duration-ms="4256" started-at="2021-12-24T17:16:28Z" finished-at="2021-12-24T17:16:32Z">
          <reporter-output>
          </reporter-output>
        </test-method> <!-- setUp -->
        <test-method status="PASS" signature="ViewShoppingCartStep3()[pri:0, instance:Store.EditingAndViewingCart@2034b64c]" name="ViewShoppingCartStep3" duration-ms="4145" started-at="2021-12-24T17:16:32Z" finished-at="2021-12-24T17:16:36Z">
          <reporter-output>
          </reporter-output>
        </test-method> <!-- ViewShoppingCartStep3 -->
        <test-method status="PASS" signature="tearDown()[pri:0, instance:Store.EditingAndViewingCart@2034b64c]" name="tearDown" is-config="true" duration-ms="167" started-at="2021-12-24T17:16:36Z" finished-at="2021-12-24T17:16:36Z">
          <reporter-output>
          </reporter-output>
        </test-method> <!-- tearDown -->
      </class> <!-- Store.EditingAndViewingCart -->
      <class name="Store.portionOfSanity">
        <test-method status="PASS" signature="setUp()[pri:0, instance:Store.portionOfSanity@75d3a5e0]" name="setUp" is-config="true" duration-ms="2507" started-at="2021-12-24T17:16:36Z" finished-at="2021-12-24T17:16:39Z">
          <reporter-output>
          </reporter-output>
        </test-method> <!-- setUp -->
        <test-method status="PASS" signature="PaymentStep1()[pri:0, instance:Store.portionOfSanity@75d3a5e0]" name="PaymentStep1" duration-ms="10721" started-at="2021-12-24T17:16:39Z" finished-at="2021-12-24T17:16:49Z">
          <reporter-output>
          </reporter-output>
        </test-method> <!-- PaymentStep1 -->
        <test-method status="PASS" signature="tearDown()[pri:0, instance:Store.portionOfSanity@75d3a5e0]" name="tearDown" is-config="true" duration-ms="255" started-at="2021-12-24T17:16:49Z" finished-at="2021-12-24T17:16:50Z">
          <reporter-output>
          </reporter-output>
        </test-method> <!-- tearDown -->
        <test-method status="PASS" signature="setUp()[pri:0, instance:Store.portionOfSanity@75d3a5e0]" name="setUp" is-config="true" duration-ms="4493" started-at="2021-12-24T17:16:50Z" finished-at="2021-12-24T17:16:54Z">
          <reporter-output>
          </reporter-output>
        </test-method> <!-- setUp -->
        <test-method status="FAIL" signature="PaymentStep2()[pri:0, instance:Store.portionOfSanity@75d3a5e0]" name="PaymentStep2" duration-ms="2732" started-at="2021-12-24T17:16:54Z" finished-at="2021-12-24T17:16:57Z">
          <exception class="org.openqa.selenium.NoSuchElementException">
            <message>
              <![CDATA[no such element: Unable to locate element: {"method":"link text","selector":"Nokia lumia 1520"}
  (Session info: chrome=96.0.4664.110)
For documentation on this error, please visit: https://www.seleniumhq.org/exceptions/no_such_element.html
Build info: version: '3.141.59', revision: 'e82be7d358', time: '2018-11-14T08:17:03'
System info: host: 'h-MacBook-sl-Opal-2.local', ip: 'fe80:0:0:0:1cea:732:ec04:2aa6%en0', os.name: 'Mac OS X', os.arch: 'x86_64', os.version: '10.16', java.version: '1.8.0_231'
Driver info: org.openqa.selenium.chrome.ChromeDriver
Capabilities {acceptInsecureCerts: false, browserName: chrome, browserVersion: 96.0.4664.110, chrome: {chromedriverVersion: 96.0.4664.45 (76e4c1bb2ab46..., userDataDir: /var/folders/5r/8_k_n2694r7...}, goog:chromeOptions: {debuggerAddress: localhost:53179}, javascriptEnabled: true, networkConnectionEnabled: false, pageLoadStrategy: normal, platform: MAC, platformName: MAC, proxy: Proxy(), setWindowRect: true, strictFileInteractability: false, timeouts: {implicit: 0, pageLoad: 300000, script: 30000}, unhandledPromptBehavior: dismiss and notify, webauthn:extension:credBlob: true, webauthn:extension:largeBlob: true, webauthn:virtualAuthenticators: true}
Session ID: 80bd1bc23c6eba77516cf7331df6a3ff
*** Element info: {Using=link text, value=Nokia lumia 1520}]]>
            </message>
            <full-stacktrace>
              <![CDATA[org.openqa.selenium.NoSuchElementException: no such element: Unable to locate element: {"method":"link text","selector":"Nokia lumia 1520"}
  (Session info: chrome=96.0.4664.110)
For documentation on this error, please visit: https://www.seleniumhq.org/exceptions/no_such_element.html
Build info: version: '3.141.59', revision: 'e82be7d358', time: '2018-11-14T08:17:03'
System info: host: 'h-MacBook-sl-Opal-2.local', ip: 'fe80:0:0:0:1cea:732:ec04:2aa6%en0', os.name: 'Mac OS X', os.arch: 'x86_64', os.version: '10.16', java.version: '1.8.0_231'
Driver info: org.openqa.selenium.chrome.ChromeDriver
Capabilities {acceptInsecureCerts: false, browserName: chrome, browserVersion: 96.0.4664.110, chrome: {chromedriverVersion: 96.0.4664.45 (76e4c1bb2ab46..., userDataDir: /var/folders/5r/8_k_n2694r7...}, goog:chromeOptions: {debuggerAddress: localhost:53179}, javascriptEnabled: true, networkConnectionEnabled: false, pageLoadStrategy: normal, platform: MAC, platformName: MAC, proxy: Proxy(), setWindowRect: true, strictFileInteractability: false, timeouts: {implicit: 0, pageLoad: 300000, script: 30000}, unhandledPromptBehavior: dismiss and notify, webauthn:extension:credBlob: true, webauthn:extension:largeBlob: true, webauthn:virtualAuthenticators: true}
Session ID: 80bd1bc23c6eba77516cf7331df6a3ff
*** Element info: {Using=link text, value=Nokia lumia 1520}
	at sun.reflect.NativeConstructorAccessorImpl.newInstance0(Native Method)
	at sun.reflect.NativeConstructorAccessorImpl.newInstance(NativeConstructorAccessorImpl.java:62)
	at sun.reflect.DelegatingConstructorAccessorImpl.newInstance(DelegatingConstructorAccessorImpl.java:45)
	at java.lang.reflect.Constructor.newInstance(Constructor.java:423)
	at org.openqa.selenium.remote.http.W3CHttpResponseCodec.createException(W3CHttpResponseCodec.java:187)
	at org.openqa.selenium.remote.http.W3CHttpResponseCodec.decode(W3CHttpResponseCodec.java:122)
	at org.openqa.selenium.remote.http.W3CHttpResponseCodec.decode(W3CHttpResponseCodec.java:49)
	at org.openqa.selenium.remote.HttpCommandExecutor.execute(HttpCommandExecutor.java:158)
	at org.openqa.selenium.remote.service.DriverCommandExecutor.execute(DriverCommandExecutor.java:83)
	at org.openqa.selenium.remote.RemoteWebDriver.execute(RemoteWebDriver.java:552)
	at org.openqa.selenium.remote.RemoteWebDriver.findElement(RemoteWebDriver.java:323)
	at org.openqa.selenium.remote.RemoteWebDriver.findElementByLinkText(RemoteWebDriver.java:380)
	at org.openqa.selenium.By$ByLinkText.findElement(By.java:220)
	at org.openqa.selenium.remote.RemoteWebDriver.findElement(RemoteWebDriver.java:315)
	at Store.portionOfSanity.PaymentStep2(portionOfSanity.java:238)
	at sun.reflect.NativeMethodAccessorImpl.invoke0(Native Method)
	at sun.reflect.NativeMethodAccessorImpl.invoke(NativeMethodAccessorImpl.java:62)
	at sun.reflect.DelegatingMethodAccessorImpl.invoke(DelegatingMethodAccessorImpl.java:43)
	at java.lang.reflect.Method.invoke(Method.java:498)
	at org.testng.internal.MethodInvocationHelper.invokeMethod(MethodInvocationHelper.java:104)
	at org.testng.internal.Invoker.invokeMethod(Invoker.java:645)
	at org.testng.internal.Invoker.invokeTestMethod(Invoker.java:851)
	at org.testng.internal.Invoker.invokeTestMethods(Invoker.java:1177)
	at org.testng.internal.TestMethodWorker.invokeTestMethods(TestMethodWorker.java:129)
	at org.testng.internal.TestMethodWorker.run(TestMethodWorker.java:112)
	at org.testng.TestRunner.privateRun(TestRunner.java:756)
	at org.testng.TestRunner.run(TestRunner.java:610)
	at org.testng.SuiteRunner.runTest(SuiteRunner.java:387)
	at org.testng.SuiteRunner.runSequentially(SuiteRunner.java:382)
	at org.testng.SuiteRunner.privateRun(SuiteRunner.java:340)
	at org.testng.SuiteRunner.run(SuiteRunner.java:289)
	at org.testng.SuiteRunnerWorker.runSuite(SuiteRunnerWorker.java:52)
	at org.testng.SuiteRunnerWorker.run(SuiteRunnerWorker.java:86)
	at org.testng.TestNG.runSuitesSequentially(TestNG.java:1293)
	at org.testng.TestNG.runSuitesLocally(TestNG.java:1218)
	at org.testng.TestNG.runSuites(TestNG.java:1133)
	at org.testng.TestNG.run(TestNG.java:1104)
	at org.testng.remote.AbstractRemoteTestNG.run(AbstractRemoteTestNG.java:115)
	at org.testng.remote.RemoteTestNG.initAndRun(RemoteTestNG.java:251)
	at org.testng.remote.RemoteTestNG.main(RemoteTestNG.java:77)
]]>
            </full-stacktrace>
          </exception> <!-- org.openqa.selenium.NoSuchElementException -->
          <reporter-output>
          </reporter-output>
        </test-method> <!-- PaymentStep2 -->
        <test-method status="PASS" signature="tearDown()[pri:0, instance:Store.portionOfSanity@75d3a5e0]" name="tearDown" is-config="true" duration-ms="226" started-at="2021-12-24T17:16:57Z" finished-at="2021-12-24T17:16:57Z">
          <reporter-output>
          </reporter-output>
        </test-method> <!-- tearDown -->
        <test-method status="PASS" signature="setUp()[pri:0, instance:Store.portionOfSanity@75d3a5e0]" name="setUp" is-config="true" duration-ms="2234" started-at="2021-12-24T17:16:57Z" finished-at="2021-12-24T17:16:59Z">
          <reporter-output>
          </reporter-output>
        </test-method> <!-- setUp -->
        <test-method status="PASS" signature="PaymentStep3()[pri:0, instance:Store.portionOfSanity@75d3a5e0]" name="PaymentStep3" duration-ms="10707" started-at="2021-12-24T17:16:59Z" finished-at="2021-12-24T17:17:10Z">
          <reporter-output>
          </reporter-output>
        </test-method> <!-- PaymentStep3 -->
        <test-method status="PASS" signature="tearDown()[pri:0, instance:Store.portionOfSanity@75d3a5e0]" name="tearDown" is-config="true" duration-ms="223" started-at="2021-12-24T17:17:10Z" finished-at="2021-12-24T17:17:10Z">
          <reporter-output>
          </reporter-output>
        </test-method> <!-- tearDown -->
        <test-method status="PASS" signature="setUp()[pri:0, instance:Store.portionOfSanity@75d3a5e0]" name="setUp" is-config="true" duration-ms="4381" started-at="2021-12-24T17:17:10Z" finished-at="2021-12-24T17:17:15Z">
          <reporter-output>
          </reporter-output>
        </test-method> <!-- setUp -->
        <test-method status="PASS" signature="logOutStep1()[pri:0, instance:Store.portionOfSanity@75d3a5e0]" name="logOutStep1" duration-ms="6489" started-at="2021-12-24T17:17:15Z" finished-at="2021-12-24T17:17:21Z">
          <reporter-output>
          </reporter-output>
        </test-method> <!-- logOutStep1 -->
        <test-method status="PASS" signature="tearDown()[pri:0, instance:Store.portionOfSanity@75d3a5e0]" name="tearDown" is-config="true" duration-ms="209" started-at="2021-12-24T17:17:21Z" finished-at="2021-12-24T17:17:21Z">
          <reporter-output>
          </reporter-output>
        </test-method> <!-- tearDown -->
        <test-method status="PASS" signature="setUp()[pri:0, instance:Store.portionOfSanity@75d3a5e0]" name="setUp" is-config="true" duration-ms="3982" started-at="2021-12-24T17:17:21Z" finished-at="2021-12-24T17:17:25Z">
          <reporter-output>
          </reporter-output>
        </test-method> <!-- setUp -->
        <test-method status="PASS" signature="loginStep1()[pri:0, instance:Store.portionOfSanity@75d3a5e0]" name="loginStep1" duration-ms="3565" started-at="2021-12-24T17:17:25Z" finished-at="2021-12-24T17:17:29Z">
          <reporter-output>
          </reporter-output>
        </test-method> <!-- loginStep1 -->
        <test-method status="PASS" signature="tearDown()[pri:0, instance:Store.portionOfSanity@75d3a5e0]" name="tearDown" is-config="true" duration-ms="233" started-at="2021-12-24T17:17:29Z" finished-at="2021-12-24T17:17:29Z">
          <reporter-output>
          </reporter-output>
        </test-method> <!-- tearDown -->
        <test-method status="PASS" signature="setUp()[pri:0, instance:Store.portionOfSanity@75d3a5e0]" name="setUp" is-config="true" duration-ms="3789" started-at="2021-12-24T17:17:29Z" finished-at="2021-12-24T17:17:33Z">
          <reporter-output>
          </reporter-output>
        </test-method> <!-- setUp -->
        <test-method status="PASS" signature="loginStep2()[pri:0, instance:Store.portionOfSanity@75d3a5e0]" name="loginStep2" duration-ms="3940" started-at="2021-12-24T17:17:33Z" finished-at="2021-12-24T17:17:37Z">
          <reporter-output>
          </reporter-output>
        </test-method> <!-- loginStep2 -->
        <test-method status="PASS" signature="tearDown()[pri:0, instance:Store.portionOfSanity@75d3a5e0]" name="tearDown" is-config="true" duration-ms="248" started-at="2021-12-24T17:17:37Z" finished-at="2021-12-24T17:17:37Z">
          <reporter-output>
          </reporter-output>
        </test-method> <!-- tearDown -->
        <test-method status="PASS" signature="setUp()[pri:0, instance:Store.portionOfSanity@75d3a5e0]" name="setUp" is-config="true" duration-ms="2431" started-at="2021-12-24T17:17:37Z" finished-at="2021-12-24T17:17:39Z">
          <reporter-output>
          </reporter-output>
        </test-method> <!-- setUp -->
        <test-method status="PASS" signature="loginStep3()[pri:0, instance:Store.portionOfSanity@75d3a5e0]" name="loginStep3" duration-ms="3892" started-at="2021-12-24T17:17:39Z" finished-at="2021-12-24T17:17:43Z">
          <reporter-output>
          </reporter-output>
        </test-method> <!-- loginStep3 -->
        <test-method status="PASS" signature="tearDown()[pri:0, instance:Store.portionOfSanity@75d3a5e0]" name="tearDown" is-config="true" duration-ms="223" started-at="2021-12-24T17:17:43Z" finished-at="2021-12-24T17:17:44Z">
          <reporter-output>
          </reporter-output>
        </test-method> <!-- tearDown -->
      </class> <!-- Store.portionOfSanity -->
    </test> <!-- Default test -->
  </suite> <!-- Default suite -->
</testng-results>
